{
  "0 debug pnpm:scope": {
    "selected": 1
  },
  "1 info pnpm": {
    "err": {
      "name": "Error",
      "message": "not found: tailwindcss",
      "code": "ENOENT",
      "stack": "Error: not found: tailwindcss\n    at getNotFoundError (/home/kadoukpe/.local/share/pnpm-global/5/node_modules/.pnpm/pnpm@6.27.1/node_modules/pnpm/dist/pnpm.cjs:41493:51)\n    at Function.whichSync [as sync] (/home/kadoukpe/.local/share/pnpm-global/5/node_modules/.pnpm/pnpm@6.27.1/node_modules/pnpm/dist/pnpm.cjs:41570:13)\n    at getCommandAbsolutePathSync (/home/kadoukpe/.local/share/pnpm-global/5/node_modules/.pnpm/pnpm@6.27.1/node_modules/pnpm/dist/pnpm.cjs:43135:44)\n    at default_1 (/home/kadoukpe/.local/share/pnpm-global/5/node_modules/.pnpm/pnpm@6.27.1/node_modules/pnpm/dist/pnpm.cjs:43144:32)\n    at /home/kadoukpe/.local/share/pnpm-global/5/node_modules/.pnpm/pnpm@6.27.1/node_modules/pnpm/dist/pnpm.cjs:176351:39"
    }
  },
  "2 error pnpm": {
    "code": "ERR_PNPM_RECURSIVE_EXEC_FIRST_FAIL",
    "prefix": "/home/kadoukpe/Code/php/bagnolista",
    "err": {
      "name": "pnpm",
      "message": "not found: tailwindcss",
      "code": "ERR_PNPM_RECURSIVE_EXEC_FIRST_FAIL",
      "stack": "Error: not found: tailwindcss\n    at getNotFoundError (/home/kadoukpe/.local/share/pnpm-global/5/node_modules/.pnpm/pnpm@6.27.1/node_modules/pnpm/dist/pnpm.cjs:41493:51)\n    at Function.whichSync [as sync] (/home/kadoukpe/.local/share/pnpm-global/5/node_modules/.pnpm/pnpm@6.27.1/node_modules/pnpm/dist/pnpm.cjs:41570:13)\n    at getCommandAbsolutePathSync (/home/kadoukpe/.local/share/pnpm-global/5/node_modules/.pnpm/pnpm@6.27.1/node_modules/pnpm/dist/pnpm.cjs:43135:44)\n    at default_1 (/home/kadoukpe/.local/share/pnpm-global/5/node_modules/.pnpm/pnpm@6.27.1/node_modules/pnpm/dist/pnpm.cjs:43144:32)\n    at /home/kadoukpe/.local/share/pnpm-global/5/node_modules/.pnpm/pnpm@6.27.1/node_modules/pnpm/dist/pnpm.cjs:176351:39"
    }
  }
}